0 info it worked if it ends with ok
1 verbose cli [ '/Users/AirMike/.nvm/versions/node/v4.4.5/bin/node',
1 verbose cli   '/Users/AirMike/.nvm/versions/node/v4.4.5/bin/npm',
1 verbose cli   'start' ]
2 info using npm@3.9.5
3 info using node@v4.4.5
4 verbose stack Error: Failed to parse json
4 verbose stack Unexpected token ',' at 8:12
4 verbose stack   "engines", {
4 verbose stack            ^
4 verbose stack     at parseError (/Users/AirMike/.nvm/versions/node/v4.4.5/lib/node_modules/npm/node_modules/read-package-json/read-json.js:390:11)
4 verbose stack     at parseJson (/Users/AirMike/.nvm/versions/node/v4.4.5/lib/node_modules/npm/node_modules/read-package-json/read-json.js:79:23)
4 verbose stack     at /Users/AirMike/.nvm/versions/node/v4.4.5/lib/node_modules/npm/node_modules/read-package-json/read-json.js:48:5
4 verbose stack     at /Users/AirMike/.nvm/versions/node/v4.4.5/lib/node_modules/npm/node_modules/graceful-fs/graceful-fs.js:78:16
4 verbose stack     at FSReqWrap.readFileAfterClose [as oncomplete] (fs.js:380:3)
5 verbose cwd /Users/AirMike/Documents/git/loc8r
6 error Darwin 15.5.0
7 error argv "/Users/AirMike/.nvm/versions/node/v4.4.5/bin/node" "/Users/AirMike/.nvm/versions/node/v4.4.5/bin/npm" "start"
8 error node v4.4.5
9 error npm  v3.9.5
10 error file /Users/AirMike/Documents/git/loc8r/package.json
11 error code EJSONPARSE
12 error Failed to parse json
12 error Unexpected token ',' at 8:12
12 error   "engines", {
12 error            ^
13 error File: /Users/AirMike/Documents/git/loc8r/package.json
14 error Failed to parse package.json data.
14 error package.json must be actual JSON, not just JavaScript.
14 error
14 error This is not a bug in npm.
14 error Tell the package author to fix their package.json file. JSON.parse
15 verbose exit [ 1, true ]
